Crashlog created at 2013-03-20 01:18:55 -0400

===== MESSAGE:

LoadError: cannot load such file -- listen
Make sure the gem is added to Gemfile and run `bundle install`.

===== COMPILATION STACK:

  (empty)

===== STACK TRACE:

  0. /home/evan/.rvm/gems/ruby-1.9.3-p194@ecarmi.org-nanoc/gems/nanoc-3.6.1/lib/nanoc/cli/commands/watch.rb:14:in `require'
  1. /home/evan/.rvm/gems/ruby-1.9.3-p194@ecarmi.org-nanoc/gems/nanoc-3.6.1/lib/nanoc/cli/commands/watch.rb:14:in `run'
  2. /home/evan/.rvm/gems/ruby-1.9.3-p194@ecarmi.org-nanoc/gems/nanoc-3.6.1/lib/nanoc/cli/command_runner.rb:14:in `block in call'
  3. /home/evan/.rvm/gems/ruby-1.9.3-p194@ecarmi.org-nanoc/gems/nanoc-3.6.1/lib/nanoc/cli/error_handler.rb:70:in `handle_while'
  4. /home/evan/.rvm/gems/ruby-1.9.3-p194@ecarmi.org-nanoc/gems/nanoc-3.6.1/lib/nanoc/cli/error_handler.rb:26:in `handle_while'
  5. /home/evan/.rvm/gems/ruby-1.9.3-p194@ecarmi.org-nanoc/gems/nanoc-3.6.1/lib/nanoc/cli/command_runner.rb:13:in `call'
  6. /home/evan/.rvm/gems/ruby-1.9.3-p194@ecarmi.org-nanoc/gems/cri-2.3.0/lib/cri/command_dsl.rb:185:in `block in runner'
  7. /home/evan/.rvm/gems/ruby-1.9.3-p194@ecarmi.org-nanoc/gems/cri-2.3.0/lib/cri/command.rb:296:in `call'
  8. /home/evan/.rvm/gems/ruby-1.9.3-p194@ecarmi.org-nanoc/gems/cri-2.3.0/lib/cri/command.rb:296:in `run_this'
  9. /home/evan/.rvm/gems/ruby-1.9.3-p194@ecarmi.org-nanoc/gems/cri-2.3.0/lib/cri/command.rb:249:in `run'
  10. /home/evan/.rvm/gems/ruby-1.9.3-p194@ecarmi.org-nanoc/gems/cri-2.3.0/lib/cri/command.rb:262:in `run'
  11. /home/evan/.rvm/gems/ruby-1.9.3-p194@ecarmi.org-nanoc/gems/nanoc-3.6.1/lib/nanoc/cli.rb:52:in `block in run'
  12. /home/evan/.rvm/gems/ruby-1.9.3-p194@ecarmi.org-nanoc/gems/nanoc-3.6.1/lib/nanoc/cli/error_handler.rb:70:in `handle_while'
  13. /home/evan/.rvm/gems/ruby-1.9.3-p194@ecarmi.org-nanoc/gems/nanoc-3.6.1/lib/nanoc/cli/error_handler.rb:26:in `handle_while'
  14. /home/evan/.rvm/gems/ruby-1.9.3-p194@ecarmi.org-nanoc/gems/nanoc-3.6.1/lib/nanoc/cli.rb:50:in `run'
  15. /home/evan/.rvm/gems/ruby-1.9.3-p194@ecarmi.org-nanoc/gems/nanoc-3.6.1/bin/nanoc:19:in `<top (required)>'
  16. /home/evan/.rvm/gems/ruby-1.9.3-p194@ecarmi.org-nanoc/bin/nanoc:19:in `load'
  17. /home/evan/.rvm/gems/ruby-1.9.3-p194@ecarmi.org-nanoc/bin/nanoc:19:in `<main>'
  18. /home/evan/.rvm/gems/ruby-1.9.3-p194@ecarmi.org-nanoc/bin/ruby_noexec_wrapper:14:in `eval'
  ... 21 more lines omitted. See full crash log for details.

===== VERSION INFORMATION:

nanoc 3.6.1 © 2007-2013 Denis Defreyne.
Running ruby 1.9.3 (2012-04-20) on i686-linux with RubyGems 1.8.24.

===== SYSTEM INFORMATION:

Linux t61-mint 3.2.0-38-generic-pae #61-Ubuntu SMP Tue Feb 19 12:39:51 UTC 2013 i686 i686 i386 GNU/Linux

===== INSTALLED GEMS:

  builder 3.2.0
  bundler 1.2.1
  chunky_png 1.2.7
  coderay 1.0.9
  colored 1.2
  compass 0.12.2
  cri 2.3.0
  fssm 0.2.10
  haml 4.0.0
  kramdown 0.14.2
  mime-types 1.21
  nanoc 3.6.1
  nokogiri 1.5.6
  rack 1.5.2
  rainpress 1.0
  rubypants 0.2.0
  sass 3.2.6
  systemu 2.5.2
  tilt 1.3.3

===== ENVIRONMENT:

BUNDLE_BIN_PATH => "/home/evan/.rvm/gems/ruby-1.9.3-p194@global/gems/bundler-1.2.1/bin/bundle"
BUNDLE_GEMFILE => "/home/evan/Dropbox/projects/ecarmi.org-nanoc/Gemfile"
COLORTERM => "gnome-terminal"
DBUS_SESSION_BUS_ADDRESS => "unix:abstract=/tmp/dbus-s5pzAUBG0F,guid=b533b21f31203aaca3f6f76000000004"
DEFAULTS_PATH => "/usr/share/gconf/xmonad-gnome-session.default.path"
DESKTOP_SESSION => "xmonad-gnome-session"
DISPLAY => ":0"
ECHO_NEST_API_KEY => "ZRASXHLRSX368BR8W"
GDMSESSION => "xmonad-gnome-session"
GEM_HOME => "/home/evan/.rvm/gems/ruby-1.9.3-p194@ecarmi.org-nanoc"
GEM_PATH => "/home/evan/.rvm/gems/ruby-1.9.3-p194@ecarmi.org-nanoc:/home/evan/.rvm/gems/ruby-1.9.3-p194@global"
GNOME_DESKTOP_SESSION_ID => "this-is-deprecated"
GNOME_KEYRING_CONTROL => "/tmp/keyring-DkZvtU"
GREP_COLOR => "1;32"
GREP_OPTIONS => "--color=auto"
HOME => "/home/evan"
IRBRC => "/home/evan/.rvm/rubies/ruby-1.9.3-p194/.irbrc"
LANG => "en_US.UTF-8"
LANGUAGE => "en"
LC_ADDRESS => "en_US.UTF-8"
LC_CTYPE => "en_US.UTF-8"
LC_IDENTIFICATION => "en_US.UTF-8"
LC_MEASUREMENT => "en_US.UTF-8"
LC_MONETARY => "en_US.UTF-8"
LC_NAME => "en_US.UTF-8"
LC_NUMERIC => "en_US.UTF-8"
LC_PAPER => "en_US.UTF-8"
LC_TELEPHONE => "en_US.UTF-8"
LC_TIME => "en_US.UTF-8"
LOGNAME => "evan"
LSCOLORS => "Gxfxcxdxbxegedabagacad"
MANDATORY_PATH => "/usr/share/gconf/xmonad-gnome-session.mandatory.path"
MY_RUBY_HOME => "/home/evan/.rvm/rubies/ruby-1.9.3-p194"
OLDPWD => "/home/evan/Dropbox/projects/ecarmi.org-nanoc/content"
ORBIT_SOCKETDIR => "/tmp/orbit-evan"
PAGER => "less -R"
PATH => "/home/evan/.rvm/gems/ruby-1.9.3-p194@ecarmi.org-nanoc/bin:/home/evan/.rvm/gems/ruby-1.9.3-p194@global/bin:/home/evan/.rvm/rubies/ruby-1.9.3-p194/bin:/home/evan/.rvm/bin:/usr/lib/lightdm/lightdm:/usr/local/sbin:/usr/local/bin:/usr/sbin:/usr/bin:/sbin:/bin:/usr/games"
PWD => "/home/evan/Dropbox/projects/ecarmi.org-nanoc"
RUBYOPT => "-I/home/evan/.rvm/gems/ruby-1.9.3-p194@global/gems/bundler-1.2.1/lib -rbundler/setup"
RUBY_VERSION => "ruby-1.9.3-p194"
SESSION_MANAGER => "local/t61-mint:@/tmp/.ICE-unix/1280,unix/t61-mint:/tmp/.ICE-unix/1280"
SHELL => "/bin/zsh"
SHLVL => "1"
SSH_AGENT_PID => "1315"
SSH_AUTH_SOCK => "/tmp/ssh-cMhBGBVV1280/agent.1280"
TERM => "xterm"
TERMINATOR_UUID => "urn:uuid:5ba526c6-8646-4842-8d79-fd247ef597b7"
UBUNTU_MENUPROXY => "libappmenu.so"
USER => "evan"
WINDOWID => "88080387"
XAUTHORITY => "/home/evan/.Xauthority"
XDG_CONFIG_DIRS => "/etc/xdg/xdg-xmonad-gnome-session:/etc/xdg"
XDG_CURRENT_DESKTOP => "GNOME"
XDG_DATA_DIRS => "/usr/share/xmonad-gnome-session:/usr/share/gnome:/usr/local/share/:/usr/share/"
XDG_SEAT_PATH => "/org/freedesktop/DisplayManager/Seat0"
XDG_SESSION_COOKIE => "9c62056f857dd9fbf25e953f00000002-1363530686.168967-762671880"
XDG_SESSION_PATH => "/org/freedesktop/DisplayManager/Session0"
_ => "/home/evan/.rvm/gems/ruby-1.9.3-p194@ecarmi.org-nanoc/bin/nanoc"
_ORIGINAL_GEM_PATH => "/home/evan/.rvm/gems/ruby-1.9.3-p194@ecarmi.org-nanoc:/home/evan/.rvm/gems/ruby-1.9.3-p194@global"
__array_start => "1"
_first => "1"
_second => "2"
escape_flag => "1"
rvm_alias_expanded => ""
rvm_bin_path => "/home/evan/.rvm/bin"
rvm_docs_type => ""
rvm_gemstone_package_file => ""
rvm_gemstone_url => ""
rvm_hook => ""
rvm_niceness => ""
rvm_nightly_flag => ""
rvm_path => "/home/evan/.rvm"
rvm_prefix => "/home/evan"
rvm_proxy => ""
rvm_quiet_flag => ""
rvm_ruby_file => ""
rvm_ruby_make => ""
rvm_ruby_make_install => ""
rvm_ruby_mode => ""
rvm_script_name => ""
rvm_sdk => ""
rvm_silent_flag => ""
rvm_version => "1.15.8 (stable)"
rvm_wrapper_name => ""

===== GEMFILE.LOCK:

GEM
  remote: http://rubygems.org/
  specs:
    builder (3.2.0)
    chunky_png (1.2.7)
    coderay (1.0.9)
    colored (1.2)
    compass (0.12.2)
      chunky_png (~> 1.2)
      fssm (>= 0.2.7)
      sass (~> 3.1)
    cri (2.3.0)
      colored (>= 1.2)
    fssm (0.2.10)
    haml (4.0.0)
      tilt
    kramdown (0.14.2)
    mime-types (1.21)
    nanoc (3.6.1)
      cri (~> 2.3)
    nokogiri (1.5.6)
    rack (1.5.2)
    rainpress (1.0)
    rubypants (0.2.0)
    sass (3.2.6)
    systemu (2.5.2)
    tilt (1.3.3)

PLATFORMS
  ruby

DEPENDENCIES
  builder
  coderay
  compass
  cri
  haml
  kramdown
  mime-types
  nanoc
  nokogiri
  rack
  rainpress
  rubypants
  sass
  systemu

===== LOAD PATHS:

  0. /home/evan/.rvm/gems/ruby-1.9.3-p194@ecarmi.org-nanoc/gems/nanoc-3.6.1/lib
  1. /home/evan/.rvm/gems/ruby-1.9.3-p194@ecarmi.org-nanoc/gems/systemu-2.5.2/lib
  2. /home/evan/.rvm/gems/ruby-1.9.3-p194@ecarmi.org-nanoc/gems/rubypants-0.2.0/.
  3. /home/evan/.rvm/gems/ruby-1.9.3-p194@ecarmi.org-nanoc/gems/rainpress-1.0/lib
  4. /home/evan/.rvm/gems/ruby-1.9.3-p194@ecarmi.org-nanoc/gems/rack-1.5.2/lib
  5. /home/evan/.rvm/gems/ruby-1.9.3-p194@ecarmi.org-nanoc/gems/nokogiri-1.5.6/lib
  6. /home/evan/.rvm/gems/ruby-1.9.3-p194@ecarmi.org-nanoc/gems/nanoc-3.6.1/lib
  7. /home/evan/.rvm/gems/ruby-1.9.3-p194@ecarmi.org-nanoc/gems/mime-types-1.21/lib
  8. /home/evan/.rvm/gems/ruby-1.9.3-p194@ecarmi.org-nanoc/gems/kramdown-0.14.2/lib
  9. /home/evan/.rvm/gems/ruby-1.9.3-p194@ecarmi.org-nanoc/gems/haml-4.0.0/lib
  10. /home/evan/.rvm/gems/ruby-1.9.3-p194@ecarmi.org-nanoc/gems/tilt-1.3.3/lib
  11. /home/evan/.rvm/gems/ruby-1.9.3-p194@ecarmi.org-nanoc/gems/cri-2.3.0/lib
  12. /home/evan/.rvm/gems/ruby-1.9.3-p194@ecarmi.org-nanoc/gems/compass-0.12.2/lib
  13. /home/evan/.rvm/gems/ruby-1.9.3-p194@ecarmi.org-nanoc/gems/sass-3.2.6/lib
  14. /home/evan/.rvm/gems/ruby-1.9.3-p194@ecarmi.org-nanoc/gems/fssm-0.2.10/lib
  15. /home/evan/.rvm/gems/ruby-1.9.3-p194@ecarmi.org-nanoc/gems/colored-1.2/lib
  16. /home/evan/.rvm/gems/ruby-1.9.3-p194@ecarmi.org-nanoc/gems/coderay-1.0.9/lib
  17. /home/evan/.rvm/gems/ruby-1.9.3-p194@ecarmi.org-nanoc/gems/chunky_png-1.2.7/lib
  18. /home/evan/.rvm/gems/ruby-1.9.3-p194@ecarmi.org-nanoc/gems/builder-3.2.0/lib
  19. /home/evan/.rvm/gems/ruby-1.9.3-p194@global/gems/bundler-1.2.1/lib
  20. /home/evan/.rvm/rubies/ruby-1.9.3-p194/lib/ruby/site_ruby/1.9.1
  21. /home/evan/.rvm/rubies/ruby-1.9.3-p194/lib/ruby/site_ruby/1.9.1/i686-linux
  22. /home/evan/.rvm/rubies/ruby-1.9.3-p194/lib/ruby/site_ruby
  23. /home/evan/.rvm/rubies/ruby-1.9.3-p194/lib/ruby/vendor_ruby/1.9.1
  24. /home/evan/.rvm/rubies/ruby-1.9.3-p194/lib/ruby/vendor_ruby/1.9.1/i686-linux
  25. /home/evan/.rvm/rubies/ruby-1.9.3-p194/lib/ruby/vendor_ruby
  26. /home/evan/.rvm/rubies/ruby-1.9.3-p194/lib/ruby/1.9.1
  27. /home/evan/.rvm/rubies/ruby-1.9.3-p194/lib/ruby/1.9.1/i686-linux
